<?xml version="1.0" encoding="UTF-8"?>
<!-- Generated by org.testng.reporters.JUnitReportReporter -->
<testsuite hostname="Paritosh-PC" failures="0" tests="1" name="RestAPIBDD.PostRequestBDD" time="7.784" errors="0" timestamp="09 Jul 2023 04:46:40 GMT" skipped="0">
  <testcase classname="RestAPIBDD.PostRequestBDD" name="test1" time="7.784"/>
</testsuite> <!-- RestAPIBDD.PostRequestBDD -->
