<?xml version="1.0" encoding="UTF-8"?>
<!-- Generated by org.testng.reporters.JUnitReportReporter -->
<testsuite hostname="Paritosh-PC" failures="0" tests="1" name="RestAPI.PostRequest" time="2.594" errors="0" timestamp="08 Jul 2023 04:37:09 GMT" skipped="0">
  <testcase classname="RestAPI.PostRequest" name="test1" time="2.594"/>
</testsuite> <!-- RestAPI.PostRequest -->
