<?xml version="1.0" encoding="UTF-8"?>
<!-- Generated by org.testng.reporters.JUnitReportReporter -->
<testsuite hostname="Paritosh-PC" failures="0" tests="1" name="RestAPIBDD.GetRequestBDD" time="6.049" errors="0" timestamp="09 Jul 2023 05:03:46 GMT" skipped="0">
  <testcase classname="RestAPIBDD.GetRequestBDD" name="test3" time="6.049"/>
</testsuite> <!-- RestAPIBDD.GetRequestBDD -->
