<?xml version="1.0" encoding="UTF-8"?>
<!-- Generated by org.testng.reporters.JUnitReportReporter -->
<testsuite hostname="Paritosh-PC" failures="0" tests="1" name="RestAPI.PostRequestWithJasonObject" time="4.225" errors="0" timestamp="08 Jul 2023 04:58:27 GMT" skipped="0">
  <testcase classname="RestAPI.PostRequestWithJasonObject" name="test1" time="4.225"/>
</testsuite> <!-- RestAPI.PostRequestWithJasonObject -->
