<?xml version="1.0" encoding="UTF-8"?>
<!-- Generated by org.testng.reporters.JUnitReportReporter -->
<testsuite hostname="Paritosh-PC" failures="0" tests="1" name="RestAPI.PutRequest" time="45.100" errors="0" timestamp="09 Jul 2023 03:48:18 GMT" skipped="0">
  <testcase classname="RestAPI.PutRequest" name="test1" time="45.100"/>
</testsuite> <!-- RestAPI.PutRequest -->
