<?xml version="1.0" encoding="UTF-8"?>
<!-- Generated by org.testng.reporters.JUnitReportReporter -->
<testsuite hostname="Paritosh-PC" failures="0" tests="1" name="RestAPI.GetRequest" time="5.736" errors="0" timestamp="08 Jul 2023 05:00:46 GMT" skipped="0">
  <testcase classname="RestAPI.GetRequest" name="test1" time="5.736"/>
</testsuite> <!-- RestAPI.GetRequest -->
