<?xml version="1.0" encoding="UTF-8"?>
<!-- Generated by org.testng.reporters.JUnitReportReporter -->
<testsuite hostname="Paritosh-PC" failures="0" tests="1" name="RestAPI.PostRequestWithMap" time="3.350" errors="0" timestamp="08 Jul 2023 04:46:33 GMT" skipped="0">
  <testcase classname="RestAPI.PostRequestWithMap" name="test1" time="3.350"/>
</testsuite> <!-- RestAPI.PostRequestWithMap -->
