<?xml version="1.0" encoding="UTF-8"?>
<!-- Generated by org.testng.reporters.JUnitReportReporter -->
<testsuite hostname="Paritosh-PC" failures="0" tests="1" name="Github.CreateRepo" time="10.515" errors="0" timestamp="08 Jul 2023 07:11:34 GMT" skipped="0">
  <testcase classname="Github.CreateRepo" name="test1" time="10.515"/>
</testsuite> <!-- Github.CreateRepo -->
