<?xml version="1.0" encoding="UTF-8"?>
<!-- Generated by org.testng.reporters.JUnitReportReporter -->
<testsuite hostname="Paritosh-PC" failures="0" tests="1" name="RestAPI.PostRequestWithFile" time="2.675" errors="0" timestamp="08 Jul 2023 05:16:41 GMT" skipped="0">
  <testcase classname="RestAPI.PostRequestWithFile" name="test1" time="2.675"/>
</testsuite> <!-- RestAPI.PostRequestWithFile -->
