<?xml version="1.0" encoding="UTF-8"?>
<!-- Generated by org.testng.reporters.JUnitReportReporter -->
<testsuite hostname="Paritosh-PC" failures="0" tests="1" name="RestAPI.GetRequestWithParam" time="3.975" errors="0" timestamp="08 Jul 2023 03:48:58 GMT" skipped="0">
  <testcase classname="RestAPI.GetRequestWithParam" name="test1" time="3.975"/>
</testsuite> <!-- RestAPI.GetRequestWithParam -->
